<testsuites id="" name="" tests="49" failures="17" skipped="4" errors="0" time="143.26817000000003">
<testsuite name="user-journeys/video-streaming.spec.ts" timestamp="2025-09-29T03:39:48.988Z" hostname="chromium" tests="7" failures="1" skipped="1" time="44.953" errors="0">
<testcase name="User Journey: Video Streaming @smoke @regression â€º Complete journey: Browse courses â†’ Sign in â†’ Watch video" classname="user-journeys/video-streaming.spec.ts" time="17.916">
<system-out>
<![CDATA[âœ… Homepage loaded successfully
âœ… Course catalog is accessible
â„¹ï¸ Course accessible without authentication or auth not yet implemented
â„¹ï¸ Authentication not required or not implemented yet
â„¹ï¸ Video player not found, testing API endpoint directly...
âŒ Video streaming API failed: [33m404[39m
ðŸŒ Streaming requests captured: [33m0[39m
Video streaming network activity detected: [33mfalse[39m
Stream API endpoint called: [33mfalse[39m
]]>
</system-out>
</testcase>
<testcase name="User Journey: Video Streaming @smoke @regression â€º Video player quality selection and controls" classname="user-journeys/video-streaming.spec.ts" time="7.199">
<system-out>
<![CDATA[â„¹ï¸ Quality selector not implemented yet
â„¹ï¸ Play button not found or auto-playing
â„¹ï¸ Fullscreen button not implemented yet
]]>
</system-out>
</testcase>
<testcase name="User Journey: Video Streaming @smoke @regression â€º Video progress tracking and analytics" classname="user-journeys/video-streaming.spec.ts" time="7.155">
<system-out>
<![CDATA[â„¹ï¸ Video element not found for analytics testing
]]>
</system-out>
</testcase>
<testcase name="User Journey: Video Streaming @smoke @regression â€º Error handling: Unauthenticated video access" classname="user-journeys/video-streaming.spec.ts" time="0.601">
<failure message="video-streaming.spec.ts:300:7 Error handling: Unauthenticated video access" type="FAILURE">
<![CDATA[  [chromium] â€º user-journeys/video-streaming.spec.ts:300:7 â€º User Journey: Video Streaming @smoke @regression â€º Error handling: Unauthenticated video access â€º Test unauthenticated video access 

    Error: page.evaluate: SecurityError: Failed to read the 'localStorage' property from 'Window': Access is denied for this document.
        at UtilityScript.evaluate (<anonymous>:293:16)
        at UtilityScript.<anonymous> (<anonymous>:1:44)
        at UtilityScript.evaluate (<anonymous>:293:16)
        at UtilityScript.<anonymous> (<anonymous>:1:44)
        at /Users/vinayvidyasagar/Dev/LazyGameDevs/LazyLearners/gamelearn-platform/tests/e2e/user-journeys/video-streaming.spec.ts:304:18
        at /Users/vinayvidyasagar/Dev/LazyGameDevs/LazyLearners/gamelearn-platform/tests/e2e/user-journeys/video-streaming.spec.ts:301:5

    attachment #1: screenshot (image/png) â”€â”€â”€â”€â”€â”€â”€â”€â”€â”€â”€â”€â”€â”€â”€â”€â”€â”€â”€â”€â”€â”€â”€â”€â”€â”€â”€â”€â”€â”€â”€â”€â”€â”€â”€â”€â”€â”€â”€â”€â”€â”€â”€â”€â”€â”€â”€â”€â”€â”€â”€â”€â”€â”€â”€â”€â”€â”€
    ../../test-results/user-journeys-video-stream-56eb7-nauthenticated-video-access-chromium/test-failed-1.png
    â”€â”€â”€â”€â”€â”€â”€â”€â”€â”€â”€â”€â”€â”€â”€â”€â”€â”€â”€â”€â”€â”€â”€â”€â”€â”€â”€â”€â”€â”€â”€â”€â”€â”€â”€â”€â”€â”€â”€â”€â”€â”€â”€â”€â”€â”€â”€â”€â”€â”€â”€â”€â”€â”€â”€â”€â”€â”€â”€â”€â”€â”€â”€â”€â”€â”€â”€â”€â”€â”€â”€â”€â”€â”€â”€â”€â”€â”€â”€â”€â”€â”€â”€â”€â”€â”€â”€â”€â”€â”€â”€â”€â”€â”€â”€â”€

    attachment #2: video (video/webm) â”€â”€â”€â”€â”€â”€â”€â”€â”€â”€â”€â”€â”€â”€â”€â”€â”€â”€â”€â”€â”€â”€â”€â”€â”€â”€â”€â”€â”€â”€â”€â”€â”€â”€â”€â”€â”€â”€â”€â”€â”€â”€â”€â”€â”€â”€â”€â”€â”€â”€â”€â”€â”€â”€â”€â”€â”€â”€â”€â”€â”€â”€
    ../../test-results/user-journeys-video-stream-56eb7-nauthenticated-video-access-chromium/video.webm
    â”€â”€â”€â”€â”€â”€â”€â”€â”€â”€â”€â”€â”€â”€â”€â”€â”€â”€â”€â”€â”€â”€â”€â”€â”€â”€â”€â”€â”€â”€â”€â”€â”€â”€â”€â”€â”€â”€â”€â”€â”€â”€â”€â”€â”€â”€â”€â”€â”€â”€â”€â”€â”€â”€â”€â”€â”€â”€â”€â”€â”€â”€â”€â”€â”€â”€â”€â”€â”€â”€â”€â”€â”€â”€â”€â”€â”€â”€â”€â”€â”€â”€â”€â”€â”€â”€â”€â”€â”€â”€â”€â”€â”€â”€â”€â”€
]]>
</failure>
<system-out>
<![CDATA[
[[ATTACHMENT|user-journeys-video-stream-56eb7-nauthenticated-video-access-chromium/test-failed-1.png]]

[[ATTACHMENT|user-journeys-video-stream-56eb7-nauthenticated-video-access-chromium/video.webm]]
]]>
</system-out>
</testcase>
<testcase name="User Journey: Video Streaming @smoke @regression â€º Mobile video streaming experience" classname="user-journeys/video-streaming.spec.ts" time="0.62">
<properties>
<property name="skip" value="Mobile-specific test">
</property>
</properties>
<skipped>
</skipped>
</testcase>
<testcase name="Video Streaming Edge Cases â€º Handle invalid video IDs gracefully" classname="user-journeys/video-streaming.spec.ts" time="3.512">
<system-out>
<![CDATA[âœ… Properly handling invalid video IDs: [33m404[39m
]]>
</system-out>
</testcase>
<testcase name="Video Streaming Edge Cases â€º Handle network interruptions during streaming" classname="user-journeys/video-streaming.spec.ts" time="7.95">
</testcase>
</testsuite>
<testsuite name="user-journeys/video-streaming.spec.ts" timestamp="2025-09-29T03:39:48.988Z" hostname="firefox" tests="7" failures="2" skipped="1" time="41.484" errors="0">
<testcase name="User Journey: Video Streaming @smoke @regression â€º Complete journey: Browse courses â†’ Sign in â†’ Watch video" classname="user-journeys/video-streaming.spec.ts" time="7.912">
<failure message="video-streaming.spec.ts:32:7 Complete journey: Browse courses â†’ Sign in â†’ Watch video" type="FAILURE">
<![CDATA[  [firefox] â€º user-journeys/video-streaming.spec.ts:32:7 â€º User Journey: Video Streaming @smoke @regression â€º Complete journey: Browse courses â†’ Sign in â†’ Watch video â€º User attempts to access course 

    Error: page.goto: NS_BINDING_ABORTED
    Call log:
      - navigating to "http://localhost:3000/course/unity-fundamentals", waiting until "networkidle"


      70 |       // Try to access a course directly
      71 |       const courseUrl = `/course/${TEST_COURSE.id}`;
    > 72 |       await page.goto(courseUrl, { waitUntil: 'networkidle' });
         |                  ^
      73 |
      74 |       // Check if we're redirected to sign-in or can access course
      75 |       const currentUrl = page.url();
        at /Users/vinayvidyasagar/Dev/LazyGameDevs/LazyLearners/gamelearn-platform/tests/e2e/user-journeys/video-streaming.spec.ts:72:18
        at /Users/vinayvidyasagar/Dev/LazyGameDevs/LazyLearners/gamelearn-platform/tests/e2e/user-journeys/video-streaming.spec.ts:69:16

    attachment #1: screenshot (image/png) â”€â”€â”€â”€â”€â”€â”€â”€â”€â”€â”€â”€â”€â”€â”€â”€â”€â”€â”€â”€â”€â”€â”€â”€â”€â”€â”€â”€â”€â”€â”€â”€â”€â”€â”€â”€â”€â”€â”€â”€â”€â”€â”€â”€â”€â”€â”€â”€â”€â”€â”€â”€â”€â”€â”€â”€â”€â”€
    ../../test-results/user-journeys-video-stream-765fe-ses-â†’-Sign-in-â†’-Watch-video-firefox/test-failed-1.png
    â”€â”€â”€â”€â”€â”€â”€â”€â”€â”€â”€â”€â”€â”€â”€â”€â”€â”€â”€â”€â”€â”€â”€â”€â”€â”€â”€â”€â”€â”€â”€â”€â”€â”€â”€â”€â”€â”€â”€â”€â”€â”€â”€â”€â”€â”€â”€â”€â”€â”€â”€â”€â”€â”€â”€â”€â”€â”€â”€â”€â”€â”€â”€â”€â”€â”€â”€â”€â”€â”€â”€â”€â”€â”€â”€â”€â”€â”€â”€â”€â”€â”€â”€â”€â”€â”€â”€â”€â”€â”€â”€â”€â”€â”€â”€â”€

    attachment #2: video (video/webm) â”€â”€â”€â”€â”€â”€â”€â”€â”€â”€â”€â”€â”€â”€â”€â”€â”€â”€â”€â”€â”€â”€â”€â”€â”€â”€â”€â”€â”€â”€â”€â”€â”€â”€â”€â”€â”€â”€â”€â”€â”€â”€â”€â”€â”€â”€â”€â”€â”€â”€â”€â”€â”€â”€â”€â”€â”€â”€â”€â”€â”€â”€
    ../../test-results/user-journeys-video-stream-765fe-ses-â†’-Sign-in-â†’-Watch-video-firefox/video.webm
    â”€â”€â”€â”€â”€â”€â”€â”€â”€â”€â”€â”€â”€â”€â”€â”€â”€â”€â”€â”€â”€â”€â”€â”€â”€â”€â”€â”€â”€â”€â”€â”€â”€â”€â”€â”€â”€â”€â”€â”€â”€â”€â”€â”€â”€â”€â”€â”€â”€â”€â”€â”€â”€â”€â”€â”€â”€â”€â”€â”€â”€â”€â”€â”€â”€â”€â”€â”€â”€â”€â”€â”€â”€â”€â”€â”€â”€â”€â”€â”€â”€â”€â”€â”€â”€â”€â”€â”€â”€â”€â”€â”€â”€â”€â”€â”€

    Error Context: ../../test-results/user-journeys-video-stream-765fe-ses-â†’-Sign-in-â†’-Watch-video-firefox/error-context.md
]]>
</failure>
<system-out>
<![CDATA[âœ… Homepage loaded successfully
âœ… Course catalog is accessible

[[ATTACHMENT|user-journeys-video-stream-765fe-ses-â†’-Sign-in-â†’-Watch-video-firefox/test-failed-1.png]]

[[ATTACHMENT|user-journeys-video-stream-765fe-ses-â†’-Sign-in-â†’-Watch-video-firefox/video.webm]]

[[ATTACHMENT|user-journeys-video-stream-765fe-ses-â†’-Sign-in-â†’-Watch-video-firefox/error-context.md]]
]]>
</system-out>
</testcase>
<testcase name="User Journey: Video Streaming @smoke @regression â€º Video player quality selection and controls" classname="user-journeys/video-streaming.spec.ts" time="7.325">
<system-out>
<![CDATA[â„¹ï¸ Quality selector not implemented yet
â„¹ï¸ Play button not found or auto-playing
â„¹ï¸ Fullscreen button not implemented yet
]]>
</system-out>
</testcase>
<testcase name="User Journey: Video Streaming @smoke @regression â€º Video progress tracking and analytics" classname="user-journeys/video-streaming.spec.ts" time="7.927">
<system-out>
<![CDATA[â„¹ï¸ Video element not found for analytics testing
]]>
</system-out>
</testcase>
<testcase name="User Journey: Video Streaming @smoke @regression â€º Error handling: Unauthenticated video access" classname="user-journeys/video-streaming.spec.ts" time="4.459">
<failure message="video-streaming.spec.ts:300:7 Error handling: Unauthenticated video access" type="FAILURE">
<![CDATA[  [firefox] â€º user-journeys/video-streaming.spec.ts:300:7 â€º User Journey: Video Streaming @smoke @regression â€º Error handling: Unauthenticated video access â€º Test unauthenticated video access 

    Error: page.evaluate: The operation is insecure.
    @debugger eval code line 291 > eval:1:7
    evaluate@debugger eval code:293:16
    @debugger eval code:1:44

        at @debugger eval code line 291 > eval:1:7
        at evaluate@debugger eval code:293:16
        at @debugger eval code:1:44
        at /Users/vinayvidyasagar/Dev/LazyGameDevs/LazyLearners/gamelearn-platform/tests/e2e/user-journeys/video-streaming.spec.ts:304:18
        at /Users/vinayvidyasagar/Dev/LazyGameDevs/LazyLearners/gamelearn-platform/tests/e2e/user-journeys/video-streaming.spec.ts:301:5

    attachment #1: screenshot (image/png) â”€â”€â”€â”€â”€â”€â”€â”€â”€â”€â”€â”€â”€â”€â”€â”€â”€â”€â”€â”€â”€â”€â”€â”€â”€â”€â”€â”€â”€â”€â”€â”€â”€â”€â”€â”€â”€â”€â”€â”€â”€â”€â”€â”€â”€â”€â”€â”€â”€â”€â”€â”€â”€â”€â”€â”€â”€â”€
    ../../test-results/user-journeys-video-stream-56eb7-nauthenticated-video-access-firefox/test-failed-1.png
    â”€â”€â”€â”€â”€â”€â”€â”€â”€â”€â”€â”€â”€â”€â”€â”€â”€â”€â”€â”€â”€â”€â”€â”€â”€â”€â”€â”€â”€â”€â”€â”€â”€â”€â”€â”€â”€â”€â”€â”€â”€â”€â”€â”€â”€â”€â”€â”€â”€â”€â”€â”€â”€â”€â”€â”€â”€â”€â”€â”€â”€â”€â”€â”€â”€â”€â”€â”€â”€â”€â”€â”€â”€â”€â”€â”€â”€â”€â”€â”€â”€â”€â”€â”€â”€â”€â”€â”€â”€â”€â”€â”€â”€â”€â”€â”€

    attachment #2: video (video/webm) â”€â”€â”€â”€â”€â”€â”€â”€â”€â”€â”€â”€â”€â”€â”€â”€â”€â”€â”€â”€â”€â”€â”€â”€â”€â”€â”€â”€â”€â”€â”€â”€â”€â”€â”€â”€â”€â”€â”€â”€â”€â”€â”€â”€â”€â”€â”€â”€â”€â”€â”€â”€â”€â”€â”€â”€â”€â”€â”€â”€â”€â”€
    ../../test-results/user-journeys-video-stream-56eb7-nauthenticated-video-access-firefox/video.webm
    â”€â”€â”€â”€â”€â”€â”€â”€â”€â”€â”€â”€â”€â”€â”€â”€â”€â”€â”€â”€â”€â”€â”€â”€â”€â”€â”€â”€â”€â”€â”€â”€â”€â”€â”€â”€â”€â”€â”€â”€â”€â”€â”€â”€â”€â”€â”€â”€â”€â”€â”€â”€â”€â”€â”€â”€â”€â”€â”€â”€â”€â”€â”€â”€â”€â”€â”€â”€â”€â”€â”€â”€â”€â”€â”€â”€â”€â”€â”€â”€â”€â”€â”€â”€â”€â”€â”€â”€â”€â”€â”€â”€â”€â”€â”€â”€
]]>
</failure>
<system-out>
<![CDATA[
[[ATTACHMENT|user-journeys-video-stream-56eb7-nauthenticated-video-access-firefox/test-failed-1.png]]

[[ATTACHMENT|user-journeys-video-stream-56eb7-nauthenticated-video-access-firefox/video.webm]]
]]>
</system-out>
</testcase>
<testcase name="User Journey: Video Streaming @smoke @regression â€º Mobile video streaming experience" classname="user-journeys/video-streaming.spec.ts" time="1.088">
<properties>
<property name="skip" value="Mobile-specific test">
</property>
</properties>
<skipped>
</skipped>
</testcase>
<testcase name="Video Streaming Edge Cases â€º Handle invalid video IDs gracefully" classname="user-journeys/video-streaming.spec.ts" time="2.781">
<system-out>
<![CDATA[âœ… Properly handling invalid video IDs: [33m404[39m
]]>
</system-out>
</testcase>
<testcase name="Video Streaming Edge Cases â€º Handle network interruptions during streaming" classname="user-journeys/video-streaming.spec.ts" time="9.992">
</testcase>
</testsuite>
<testsuite name="user-journeys/video-streaming.spec.ts" timestamp="2025-09-29T03:39:48.988Z" hostname="webkit" tests="7" failures="2" skipped="1" time="36.119" errors="0">
<testcase name="User Journey: Video Streaming @smoke @regression â€º Complete journey: Browse courses â†’ Sign in â†’ Watch video" classname="user-journeys/video-streaming.spec.ts" time="9.119">
<failure message="video-streaming.spec.ts:32:7 Complete journey: Browse courses â†’ Sign in â†’ Watch video" type="FAILURE">
<![CDATA[  [webkit] â€º user-journeys/video-streaming.spec.ts:32:7 â€º User Journey: Video Streaming @smoke @regression â€º Complete journey: Browse courses â†’ Sign in â†’ Watch video â€º User attempts to access course 

    Error: page.goto: Navigation to "http://localhost:3000/course/unity-fundamentals" is interrupted by another navigation to "http://localhost:3000/sign-in?redirect_url=http%3A%2F%2Flocalhost%3A3000%2Fcourses"
    Call log:
      - navigating to "http://localhost:3000/course/unity-fundamentals", waiting until "networkidle"


      70 |       // Try to access a course directly
      71 |       const courseUrl = `/course/${TEST_COURSE.id}`;
    > 72 |       await page.goto(courseUrl, { waitUntil: 'networkidle' });
         |                  ^
      73 |
      74 |       // Check if we're redirected to sign-in or can access course
      75 |       const currentUrl = page.url();
        at /Users/vinayvidyasagar/Dev/LazyGameDevs/LazyLearners/gamelearn-platform/tests/e2e/user-journeys/video-streaming.spec.ts:72:18
        at /Users/vinayvidyasagar/Dev/LazyGameDevs/LazyLearners/gamelearn-platform/tests/e2e/user-journeys/video-streaming.spec.ts:69:16

    attachment #1: screenshot (image/png) â”€â”€â”€â”€â”€â”€â”€â”€â”€â”€â”€â”€â”€â”€â”€â”€â”€â”€â”€â”€â”€â”€â”€â”€â”€â”€â”€â”€â”€â”€â”€â”€â”€â”€â”€â”€â”€â”€â”€â”€â”€â”€â”€â”€â”€â”€â”€â”€â”€â”€â”€â”€â”€â”€â”€â”€â”€â”€
    ../../test-results/user-journeys-video-stream-765fe-ses-â†’-Sign-in-â†’-Watch-video-webkit/test-failed-1.png
    â”€â”€â”€â”€â”€â”€â”€â”€â”€â”€â”€â”€â”€â”€â”€â”€â”€â”€â”€â”€â”€â”€â”€â”€â”€â”€â”€â”€â”€â”€â”€â”€â”€â”€â”€â”€â”€â”€â”€â”€â”€â”€â”€â”€â”€â”€â”€â”€â”€â”€â”€â”€â”€â”€â”€â”€â”€â”€â”€â”€â”€â”€â”€â”€â”€â”€â”€â”€â”€â”€â”€â”€â”€â”€â”€â”€â”€â”€â”€â”€â”€â”€â”€â”€â”€â”€â”€â”€â”€â”€â”€â”€â”€â”€â”€â”€

    attachment #2: video (video/webm) â”€â”€â”€â”€â”€â”€â”€â”€â”€â”€â”€â”€â”€â”€â”€â”€â”€â”€â”€â”€â”€â”€â”€â”€â”€â”€â”€â”€â”€â”€â”€â”€â”€â”€â”€â”€â”€â”€â”€â”€â”€â”€â”€â”€â”€â”€â”€â”€â”€â”€â”€â”€â”€â”€â”€â”€â”€â”€â”€â”€â”€â”€
    ../../test-results/user-journeys-video-stream-765fe-ses-â†’-Sign-in-â†’-Watch-video-webkit/video.webm
    â”€â”€â”€â”€â”€â”€â”€â”€â”€â”€â”€â”€â”€â”€â”€â”€â”€â”€â”€â”€â”€â”€â”€â”€â”€â”€â”€â”€â”€â”€â”€â”€â”€â”€â”€â”€â”€â”€â”€â”€â”€â”€â”€â”€â”€â”€â”€â”€â”€â”€â”€â”€â”€â”€â”€â”€â”€â”€â”€â”€â”€â”€â”€â”€â”€â”€â”€â”€â”€â”€â”€â”€â”€â”€â”€â”€â”€â”€â”€â”€â”€â”€â”€â”€â”€â”€â”€â”€â”€â”€â”€â”€â”€â”€â”€â”€

    Error Context: ../../test-results/user-journeys-video-stream-765fe-ses-â†’-Sign-in-â†’-Watch-video-webkit/error-context.md
]]>
</failure>
<system-out>
<![CDATA[âœ… Homepage loaded successfully
âœ… Course catalog is accessible

[[ATTACHMENT|user-journeys-video-stream-765fe-ses-â†’-Sign-in-â†’-Watch-video-webkit/test-failed-1.png]]

[[ATTACHMENT|user-journeys-video-stream-765fe-ses-â†’-Sign-in-â†’-Watch-video-webkit/video.webm]]

[[ATTACHMENT|user-journeys-video-stream-765fe-ses-â†’-Sign-in-â†’-Watch-video-webkit/error-context.md]]
]]>
</system-out>
</testcase>
<testcase name="User Journey: Video Streaming @smoke @regression â€º Video player quality selection and controls" classname="user-journeys/video-streaming.spec.ts" time="8.441">
<system-out>
<![CDATA[â„¹ï¸ Quality selector not implemented yet
â„¹ï¸ Play button not found or auto-playing
â„¹ï¸ Fullscreen button not implemented yet
]]>
</system-out>
</testcase>
<testcase name="User Journey: Video Streaming @smoke @regression â€º Video progress tracking and analytics" classname="user-journeys/video-streaming.spec.ts" time="8.154">
<system-out>
<![CDATA[â„¹ï¸ Video element not found for analytics testing
]]>
</system-out>
</testcase>
<testcase name="User Journey: Video Streaming @smoke @regression â€º Error handling: Unauthenticated video access" classname="user-journeys/video-streaming.spec.ts" time="1.875">
<failure message="video-streaming.spec.ts:300:7 Error handling: Unauthenticated video access" type="FAILURE">
<![CDATA[  [webkit] â€º user-journeys/video-streaming.spec.ts:300:7 â€º User Journey: Video Streaming @smoke @regression â€º Error handling: Unauthenticated video access â€º Test unauthenticated video access 

    Error: page.evaluate: SecurityError: The operation is insecure.

      302 |       // Clear any existing authentication
      303 |       await page.context().clearCookies();
    > 304 |       await page.evaluate(() => localStorage.clear());
          |                  ^
      305 |
      306 |       // Try to access video streaming API directly
      307 |       const response = await page.request.get(`/api/video/stream?videoId=${TEST_COURSE.videoId}`);
        at /Users/vinayvidyasagar/Dev/LazyGameDevs/LazyLearners/gamelearn-platform/tests/e2e/user-journeys/video-streaming.spec.ts:304:18
        at /Users/vinayvidyasagar/Dev/LazyGameDevs/LazyLearners/gamelearn-platform/tests/e2e/user-journeys/video-streaming.spec.ts:301:5

    attachment #1: screenshot (image/png) â”€â”€â”€â”€â”€â”€â”€â”€â”€â”€â”€â”€â”€â”€â”€â”€â”€â”€â”€â”€â”€â”€â”€â”€â”€â”€â”€â”€â”€â”€â”€â”€â”€â”€â”€â”€â”€â”€â”€â”€â”€â”€â”€â”€â”€â”€â”€â”€â”€â”€â”€â”€â”€â”€â”€â”€â”€â”€
    ../../test-results/user-journeys-video-stream-56eb7-nauthenticated-video-access-webkit/test-failed-1.png
    â”€â”€â”€â”€â”€â”€â”€â”€â”€â”€â”€â”€â”€â”€â”€â”€â”€â”€â”€â”€â”€â”€â”€â”€â”€â”€â”€â”€â”€â”€â”€â”€â”€â”€â”€â”€â”€â”€â”€â”€â”€â”€â”€â”€â”€â”€â”€â”€â”€â”€â”€â”€â”€â”€â”€â”€â”€â”€â”€â”€â”€â”€â”€â”€â”€â”€â”€â”€â”€â”€â”€â”€â”€â”€â”€â”€â”€â”€â”€â”€â”€â”€â”€â”€â”€â”€â”€â”€â”€â”€â”€â”€â”€â”€â”€â”€

    attachment #2: video (video/webm) â”€â”€â”€â”€â”€â”€â”€â”€â”€â”€â”€â”€â”€â”€â”€â”€â”€â”€â”€â”€â”€â”€â”€â”€â”€â”€â”€â”€â”€â”€â”€â”€â”€â”€â”€â”€â”€â”€â”€â”€â”€â”€â”€â”€â”€â”€â”€â”€â”€â”€â”€â”€â”€â”€â”€â”€â”€â”€â”€â”€â”€â”€
    ../../test-results/user-journeys-video-stream-56eb7-nauthenticated-video-access-webkit/video.webm
    â”€â”€â”€â”€â”€â”€â”€â”€â”€â”€â”€â”€â”€â”€â”€â”€â”€â”€â”€â”€â”€â”€â”€â”€â”€â”€â”€â”€â”€â”€â”€â”€â”€â”€â”€â”€â”€â”€â”€â”€â”€â”€â”€â”€â”€â”€â”€â”€â”€â”€â”€â”€â”€â”€â”€â”€â”€â”€â”€â”€â”€â”€â”€â”€â”€â”€â”€â”€â”€â”€â”€â”€â”€â”€â”€â”€â”€â”€â”€â”€â”€â”€â”€â”€â”€â”€â”€â”€â”€â”€â”€â”€â”€â”€â”€â”€
]]>
</failure>
<system-out>
<![CDATA[
[[ATTACHMENT|user-journeys-video-stream-56eb7-nauthenticated-video-access-webkit/test-failed-1.png]]

[[ATTACHMENT|user-journeys-video-stream-56eb7-nauthenticated-video-access-webkit/video.webm]]
]]>
</system-out>
</testcase>
<testcase name="User Journey: Video Streaming @smoke @regression â€º Mobile video streaming experience" classname="user-journeys/video-streaming.spec.ts" time="0.961">
<properties>
<property name="skip" value="Mobile-specific test">
</property>
</properties>
<skipped>
</skipped>
</testcase>
<testcase name="Video Streaming Edge Cases â€º Handle invalid video IDs gracefully" classname="user-journeys/video-streaming.spec.ts" time="1.204">
<system-out>
<![CDATA[âœ… Properly handling invalid video IDs: [33m404[39m
]]>
</system-out>
</testcase>
<testcase name="Video Streaming Edge Cases â€º Handle network interruptions during streaming" classname="user-journeys/video-streaming.spec.ts" time="6.365">
</testcase>
</testsuite>
<testsuite name="user-journeys/video-streaming.spec.ts" timestamp="2025-09-29T03:39:48.988Z" hostname="Mobile Chrome" tests="7" failures="2" skipped="0" time="26.379" errors="0">
<testcase name="User Journey: Video Streaming @smoke @regression â€º Complete journey: Browse courses â†’ Sign in â†’ Watch video" classname="user-journeys/video-streaming.spec.ts" time="13.522">
<failure message="video-streaming.spec.ts:32:7 Complete journey: Browse courses â†’ Sign in â†’ Watch video" type="FAILURE">
<![CDATA[  [Mobile Chrome] â€º user-journeys/video-streaming.spec.ts:32:7 â€º User Journey: Video Streaming @smoke @regression â€º Complete journey: Browse courses â†’ Sign in â†’ Watch video â€º User visits homepage 

    Error: expect(locator).toBeVisible() failed

    Locator:  locator('nav')
    Expected: visible
    Received: hidden
    Timeout:  10000ms

    Call log:
      - Expect "toBeVisible" with timeout 10000ms
      - waiting for locator('nav')
        14 Ã— locator resolved to <nav class="hidden md:flex items-center space-x-6">â€¦</nav>
           - unexpected value "hidden"


      39 |
      40 |       // Check if the main navigation is present
    > 41 |       await expect(page.locator('nav')).toBeVisible();
         |                                         ^
      42 |
      43 |       console.log('âœ… Homepage loaded successfully');
      44 |     });
        at /Users/vinayvidyasagar/Dev/LazyGameDevs/LazyLearners/gamelearn-platform/tests/e2e/user-journeys/video-streaming.spec.ts:41:41
        at /Users/vinayvidyasagar/Dev/LazyGameDevs/LazyLearners/gamelearn-platform/tests/e2e/user-journeys/video-streaming.spec.ts:36:5

    attachment #1: screenshot (image/png) â”€â”€â”€â”€â”€â”€â”€â”€â”€â”€â”€â”€â”€â”€â”€â”€â”€â”€â”€â”€â”€â”€â”€â”€â”€â”€â”€â”€â”€â”€â”€â”€â”€â”€â”€â”€â”€â”€â”€â”€â”€â”€â”€â”€â”€â”€â”€â”€â”€â”€â”€â”€â”€â”€â”€â”€â”€â”€
    ../../test-results/user-journeys-video-stream-765fe-ses-â†’-Sign-in-â†’-Watch-video-Mobile-Chrome/test-failed-1.png
    â”€â”€â”€â”€â”€â”€â”€â”€â”€â”€â”€â”€â”€â”€â”€â”€â”€â”€â”€â”€â”€â”€â”€â”€â”€â”€â”€â”€â”€â”€â”€â”€â”€â”€â”€â”€â”€â”€â”€â”€â”€â”€â”€â”€â”€â”€â”€â”€â”€â”€â”€â”€â”€â”€â”€â”€â”€â”€â”€â”€â”€â”€â”€â”€â”€â”€â”€â”€â”€â”€â”€â”€â”€â”€â”€â”€â”€â”€â”€â”€â”€â”€â”€â”€â”€â”€â”€â”€â”€â”€â”€â”€â”€â”€â”€â”€

    attachment #2: video (video/webm) â”€â”€â”€â”€â”€â”€â”€â”€â”€â”€â”€â”€â”€â”€â”€â”€â”€â”€â”€â”€â”€â”€â”€â”€â”€â”€â”€â”€â”€â”€â”€â”€â”€â”€â”€â”€â”€â”€â”€â”€â”€â”€â”€â”€â”€â”€â”€â”€â”€â”€â”€â”€â”€â”€â”€â”€â”€â”€â”€â”€â”€â”€
    ../../test-results/user-journeys-video-stream-765fe-ses-â†’-Sign-in-â†’-Watch-video-Mobile-Chrome/video.webm
    â”€â”€â”€â”€â”€â”€â”€â”€â”€â”€â”€â”€â”€â”€â”€â”€â”€â”€â”€â”€â”€â”€â”€â”€â”€â”€â”€â”€â”€â”€â”€â”€â”€â”€â”€â”€â”€â”€â”€â”€â”€â”€â”€â”€â”€â”€â”€â”€â”€â”€â”€â”€â”€â”€â”€â”€â”€â”€â”€â”€â”€â”€â”€â”€â”€â”€â”€â”€â”€â”€â”€â”€â”€â”€â”€â”€â”€â”€â”€â”€â”€â”€â”€â”€â”€â”€â”€â”€â”€â”€â”€â”€â”€â”€â”€â”€

    Error Context: ../../test-results/user-journeys-video-stream-765fe-ses-â†’-Sign-in-â†’-Watch-video-Mobile-Chrome/error-context.md
]]>
</failure>
<system-out>
<![CDATA[
[[ATTACHMENT|user-journeys-video-stream-765fe-ses-â†’-Sign-in-â†’-Watch-video-Mobile-Chrome/test-failed-1.png]]

[[ATTACHMENT|user-journeys-video-stream-765fe-ses-â†’-Sign-in-â†’-Watch-video-Mobile-Chrome/video.webm]]

[[ATTACHMENT|user-journeys-video-stream-765fe-ses-â†’-Sign-in-â†’-Watch-video-Mobile-Chrome/error-context.md]]
]]>
</system-out>
</testcase>
<testcase name="User Journey: Video Streaming @smoke @regression â€º Video player quality selection and controls" classname="user-journeys/video-streaming.spec.ts" time="2.508">
<system-out>
<![CDATA[â„¹ï¸ Quality selector not implemented yet
â„¹ï¸ Play button not found or auto-playing
â„¹ï¸ Fullscreen button not implemented yet
]]>
</system-out>
</testcase>
<testcase name="User Journey: Video Streaming @smoke @regression â€º Video progress tracking and analytics" classname="user-journeys/video-streaming.spec.ts" time="2.398">
<system-out>
<![CDATA[â„¹ï¸ Video element not found for analytics testing
]]>
</system-out>
</testcase>
<testcase name="User Journey: Video Streaming @smoke @regression â€º Error handling: Unauthenticated video access" classname="user-journeys/video-streaming.spec.ts" time="0.42">
<failure message="video-streaming.spec.ts:300:7 Error handling: Unauthenticated video access" type="FAILURE">
<![CDATA[  [Mobile Chrome] â€º user-journeys/video-streaming.spec.ts:300:7 â€º User Journey: Video Streaming @smoke @regression â€º Error handling: Unauthenticated video access â€º Test unauthenticated video access 

    Error: page.evaluate: SecurityError: Failed to read the 'localStorage' property from 'Window': Access is denied for this document.
        at UtilityScript.evaluate (<anonymous>:293:16)
        at UtilityScript.<anonymous> (<anonymous>:1:44)
        at UtilityScript.evaluate (<anonymous>:293:16)
        at UtilityScript.<anonymous> (<anonymous>:1:44)
        at /Users/vinayvidyasagar/Dev/LazyGameDevs/LazyLearners/gamelearn-platform/tests/e2e/user-journeys/video-streaming.spec.ts:304:18
        at /Users/vinayvidyasagar/Dev/LazyGameDevs/LazyLearners/gamelearn-platform/tests/e2e/user-journeys/video-streaming.spec.ts:301:5

    attachment #1: screenshot (image/png) â”€â”€â”€â”€â”€â”€â”€â”€â”€â”€â”€â”€â”€â”€â”€â”€â”€â”€â”€â”€â”€â”€â”€â”€â”€â”€â”€â”€â”€â”€â”€â”€â”€â”€â”€â”€â”€â”€â”€â”€â”€â”€â”€â”€â”€â”€â”€â”€â”€â”€â”€â”€â”€â”€â”€â”€â”€â”€
    ../../test-results/user-journeys-video-stream-56eb7-nauthenticated-video-access-Mobile-Chrome/test-failed-1.png
    â”€â”€â”€â”€â”€â”€â”€â”€â”€â”€â”€â”€â”€â”€â”€â”€â”€â”€â”€â”€â”€â”€â”€â”€â”€â”€â”€â”€â”€â”€â”€â”€â”€â”€â”€â”€â”€â”€â”€â”€â”€â”€â”€â”€â”€â”€â”€â”€â”€â”€â”€â”€â”€â”€â”€â”€â”€â”€â”€â”€â”€â”€â”€â”€â”€â”€â”€â”€â”€â”€â”€â”€â”€â”€â”€â”€â”€â”€â”€â”€â”€â”€â”€â”€â”€â”€â”€â”€â”€â”€â”€â”€â”€â”€â”€â”€

    attachment #2: video (video/webm) â”€â”€â”€â”€â”€â”€â”€â”€â”€â”€â”€â”€â”€â”€â”€â”€â”€â”€â”€â”€â”€â”€â”€â”€â”€â”€â”€â”€â”€â”€â”€â”€â”€â”€â”€â”€â”€â”€â”€â”€â”€â”€â”€â”€â”€â”€â”€â”€â”€â”€â”€â”€â”€â”€â”€â”€â”€â”€â”€â”€â”€â”€
    ../../test-results/user-journeys-video-stream-56eb7-nauthenticated-video-access-Mobile-Chrome/video.webm
    â”€â”€â”€â”€â”€â”€â”€â”€â”€â”€â”€â”€â”€â”€â”€â”€â”€â”€â”€â”€â”€â”€â”€â”€â”€â”€â”€â”€â”€â”€â”€â”€â”€â”€â”€â”€â”€â”€â”€â”€â”€â”€â”€â”€â”€â”€â”€â”€â”€â”€â”€â”€â”€â”€â”€â”€â”€â”€â”€â”€â”€â”€â”€â”€â”€â”€â”€â”€â”€â”€â”€â”€â”€â”€â”€â”€â”€â”€â”€â”€â”€â”€â”€â”€â”€â”€â”€â”€â”€â”€â”€â”€â”€â”€â”€â”€
]]>
</failure>
<system-out>
<![CDATA[
[[ATTACHMENT|user-journeys-video-stream-56eb7-nauthenticated-video-access-Mobile-Chrome/test-failed-1.png]]

[[ATTACHMENT|user-journeys-video-stream-56eb7-nauthenticated-video-access-Mobile-Chrome/video.webm]]
]]>
</system-out>
</testcase>
<testcase name="User Journey: Video Streaming @smoke @regression â€º Mobile video streaming experience" classname="user-journeys/video-streaming.spec.ts" time="1.445">
<system-out>
<![CDATA[â„¹ï¸ Video player not found for mobile testing
]]>
</system-out>
</testcase>
<testcase name="Video Streaming Edge Cases â€º Handle invalid video IDs gracefully" classname="user-journeys/video-streaming.spec.ts" time="0.403">
<system-out>
<![CDATA[âœ… Properly handling invalid video IDs: [33m404[39m
]]>
</system-out>
</testcase>
<testcase name="Video Streaming Edge Cases â€º Handle network interruptions during streaming" classname="user-journeys/video-streaming.spec.ts" time="5.683">
</testcase>
</testsuite>
<testsuite name="user-journeys/video-streaming.spec.ts" timestamp="2025-09-29T03:39:48.988Z" hostname="Mobile Safari" tests="7" failures="2" skipped="0" time="30.898" errors="0">
<testcase name="User Journey: Video Streaming @smoke @regression â€º Complete journey: Browse courses â†’ Sign in â†’ Watch video" classname="user-journeys/video-streaming.spec.ts" time="12.838">
<failure message="video-streaming.spec.ts:32:7 Complete journey: Browse courses â†’ Sign in â†’ Watch video" type="FAILURE">
<![CDATA[  [Mobile Safari] â€º user-journeys/video-streaming.spec.ts:32:7 â€º User Journey: Video Streaming @smoke @regression â€º Complete journey: Browse courses â†’ Sign in â†’ Watch video â€º User visits homepage 

    Error: expect(locator).toBeVisible() failed

    Locator:  locator('nav')
    Expected: visible
    Received: hidden
    Timeout:  10000ms

    Call log:
      - Expect "toBeVisible" with timeout 10000ms
      - waiting for locator('nav')
        13 Ã— locator resolved to <nav class="hidden md:flex items-center space-x-6">â€¦</nav>
           - unexpected value "hidden"


      39 |
      40 |       // Check if the main navigation is present
    > 41 |       await expect(page.locator('nav')).toBeVisible();
         |                                         ^
      42 |
      43 |       console.log('âœ… Homepage loaded successfully');
      44 |     });
        at /Users/vinayvidyasagar/Dev/LazyGameDevs/LazyLearners/gamelearn-platform/tests/e2e/user-journeys/video-streaming.spec.ts:41:41
        at /Users/vinayvidyasagar/Dev/LazyGameDevs/LazyLearners/gamelearn-platform/tests/e2e/user-journeys/video-streaming.spec.ts:36:5

    attachment #1: screenshot (image/png) â”€â”€â”€â”€â”€â”€â”€â”€â”€â”€â”€â”€â”€â”€â”€â”€â”€â”€â”€â”€â”€â”€â”€â”€â”€â”€â”€â”€â”€â”€â”€â”€â”€â”€â”€â”€â”€â”€â”€â”€â”€â”€â”€â”€â”€â”€â”€â”€â”€â”€â”€â”€â”€â”€â”€â”€â”€â”€
    ../../test-results/user-journeys-video-stream-765fe-ses-â†’-Sign-in-â†’-Watch-video-Mobile-Safari/test-failed-1.png
    â”€â”€â”€â”€â”€â”€â”€â”€â”€â”€â”€â”€â”€â”€â”€â”€â”€â”€â”€â”€â”€â”€â”€â”€â”€â”€â”€â”€â”€â”€â”€â”€â”€â”€â”€â”€â”€â”€â”€â”€â”€â”€â”€â”€â”€â”€â”€â”€â”€â”€â”€â”€â”€â”€â”€â”€â”€â”€â”€â”€â”€â”€â”€â”€â”€â”€â”€â”€â”€â”€â”€â”€â”€â”€â”€â”€â”€â”€â”€â”€â”€â”€â”€â”€â”€â”€â”€â”€â”€â”€â”€â”€â”€â”€â”€â”€

    attachment #2: video (video/webm) â”€â”€â”€â”€â”€â”€â”€â”€â”€â”€â”€â”€â”€â”€â”€â”€â”€â”€â”€â”€â”€â”€â”€â”€â”€â”€â”€â”€â”€â”€â”€â”€â”€â”€â”€â”€â”€â”€â”€â”€â”€â”€â”€â”€â”€â”€â”€â”€â”€â”€â”€â”€â”€â”€â”€â”€â”€â”€â”€â”€â”€â”€
    ../../test-results/user-journeys-video-stream-765fe-ses-â†’-Sign-in-â†’-Watch-video-Mobile-Safari/video.webm
    â”€â”€â”€â”€â”€â”€â”€â”€â”€â”€â”€â”€â”€â”€â”€â”€â”€â”€â”€â”€â”€â”€â”€â”€â”€â”€â”€â”€â”€â”€â”€â”€â”€â”€â”€â”€â”€â”€â”€â”€â”€â”€â”€â”€â”€â”€â”€â”€â”€â”€â”€â”€â”€â”€â”€â”€â”€â”€â”€â”€â”€â”€â”€â”€â”€â”€â”€â”€â”€â”€â”€â”€â”€â”€â”€â”€â”€â”€â”€â”€â”€â”€â”€â”€â”€â”€â”€â”€â”€â”€â”€â”€â”€â”€â”€â”€

    Error Context: ../../test-results/user-journeys-video-stream-765fe-ses-â†’-Sign-in-â†’-Watch-video-Mobile-Safari/error-context.md
]]>
</failure>
<system-out>
<![CDATA[
[[ATTACHMENT|user-journeys-video-stream-765fe-ses-â†’-Sign-in-â†’-Watch-video-Mobile-Safari/test-failed-1.png]]

[[ATTACHMENT|user-journeys-video-stream-765fe-ses-â†’-Sign-in-â†’-Watch-video-Mobile-Safari/video.webm]]

[[ATTACHMENT|user-journeys-video-stream-765fe-ses-â†’-Sign-in-â†’-Watch-video-Mobile-Safari/error-context.md]]
]]>
</system-out>
</testcase>
<testcase name="User Journey: Video Streaming @smoke @regression â€º Video player quality selection and controls" classname="user-journeys/video-streaming.spec.ts" time="2.179">
<system-out>
<![CDATA[â„¹ï¸ Quality selector not implemented yet
â„¹ï¸ Play button not found or auto-playing
â„¹ï¸ Fullscreen button not implemented yet
]]>
</system-out>
</testcase>
<testcase name="User Journey: Video Streaming @smoke @regression â€º Video progress tracking and analytics" classname="user-journeys/video-streaming.spec.ts" time="4.055">
<system-out>
<![CDATA[â„¹ï¸ Video element not found for analytics testing
]]>
</system-out>
</testcase>
<testcase name="User Journey: Video Streaming @smoke @regression â€º Error handling: Unauthenticated video access" classname="user-journeys/video-streaming.spec.ts" time="0.479">
<failure message="video-streaming.spec.ts:300:7 Error handling: Unauthenticated video access" type="FAILURE">
<![CDATA[  [Mobile Safari] â€º user-journeys/video-streaming.spec.ts:300:7 â€º User Journey: Video Streaming @smoke @regression â€º Error handling: Unauthenticated video access â€º Test unauthenticated video access 

    Error: page.evaluate: SecurityError: The operation is insecure.

      302 |       // Clear any existing authentication
      303 |       await page.context().clearCookies();
    > 304 |       await page.evaluate(() => localStorage.clear());
          |                  ^
      305 |
      306 |       // Try to access video streaming API directly
      307 |       const response = await page.request.get(`/api/video/stream?videoId=${TEST_COURSE.videoId}`);
        at /Users/vinayvidyasagar/Dev/LazyGameDevs/LazyLearners/gamelearn-platform/tests/e2e/user-journeys/video-streaming.spec.ts:304:18
        at /Users/vinayvidyasagar/Dev/LazyGameDevs/LazyLearners/gamelearn-platform/tests/e2e/user-journeys/video-streaming.spec.ts:301:5

    attachment #1: screenshot (image/png) â”€â”€â”€â”€â”€â”€â”€â”€â”€â”€â”€â”€â”€â”€â”€â”€â”€â”€â”€â”€â”€â”€â”€â”€â”€â”€â”€â”€â”€â”€â”€â”€â”€â”€â”€â”€â”€â”€â”€â”€â”€â”€â”€â”€â”€â”€â”€â”€â”€â”€â”€â”€â”€â”€â”€â”€â”€â”€
    ../../test-results/user-journeys-video-stream-56eb7-nauthenticated-video-access-Mobile-Safari/test-failed-1.png
    â”€â”€â”€â”€â”€â”€â”€â”€â”€â”€â”€â”€â”€â”€â”€â”€â”€â”€â”€â”€â”€â”€â”€â”€â”€â”€â”€â”€â”€â”€â”€â”€â”€â”€â”€â”€â”€â”€â”€â”€â”€â”€â”€â”€â”€â”€â”€â”€â”€â”€â”€â”€â”€â”€â”€â”€â”€â”€â”€â”€â”€â”€â”€â”€â”€â”€â”€â”€â”€â”€â”€â”€â”€â”€â”€â”€â”€â”€â”€â”€â”€â”€â”€â”€â”€â”€â”€â”€â”€â”€â”€â”€â”€â”€â”€â”€

    attachment #2: video (video/webm) â”€â”€â”€â”€â”€â”€â”€â”€â”€â”€â”€â”€â”€â”€â”€â”€â”€â”€â”€â”€â”€â”€â”€â”€â”€â”€â”€â”€â”€â”€â”€â”€â”€â”€â”€â”€â”€â”€â”€â”€â”€â”€â”€â”€â”€â”€â”€â”€â”€â”€â”€â”€â”€â”€â”€â”€â”€â”€â”€â”€â”€â”€
    ../../test-results/user-journeys-video-stream-56eb7-nauthenticated-video-access-Mobile-Safari/video.webm
    â”€â”€â”€â”€â”€â”€â”€â”€â”€â”€â”€â”€â”€â”€â”€â”€â”€â”€â”€â”€â”€â”€â”€â”€â”€â”€â”€â”€â”€â”€â”€â”€â”€â”€â”€â”€â”€â”€â”€â”€â”€â”€â”€â”€â”€â”€â”€â”€â”€â”€â”€â”€â”€â”€â”€â”€â”€â”€â”€â”€â”€â”€â”€â”€â”€â”€â”€â”€â”€â”€â”€â”€â”€â”€â”€â”€â”€â”€â”€â”€â”€â”€â”€â”€â”€â”€â”€â”€â”€â”€â”€â”€â”€â”€â”€â”€
]]>
</failure>
<system-out>
<![CDATA[
[[ATTACHMENT|user-journeys-video-stream-56eb7-nauthenticated-video-access-Mobile-Safari/test-failed-1.png]]

[[ATTACHMENT|user-journeys-video-stream-56eb7-nauthenticated-video-access-Mobile-Safari/video.webm]]
]]>
</system-out>
</testcase>
<testcase name="User Journey: Video Streaming @smoke @regression â€º Mobile video streaming experience" classname="user-journeys/video-streaming.spec.ts" time="3.25">
<system-out>
<![CDATA[â„¹ï¸ Video player not found for mobile testing
]]>
</system-out>
</testcase>
<testcase name="Video Streaming Edge Cases â€º Handle invalid video IDs gracefully" classname="user-journeys/video-streaming.spec.ts" time="1.982">
<system-out>
<![CDATA[âœ… Properly handling invalid video IDs: [33m404[39m
]]>
</system-out>
</testcase>
<testcase name="Video Streaming Edge Cases â€º Handle network interruptions during streaming" classname="user-journeys/video-streaming.spec.ts" time="6.115">
</testcase>
</testsuite>
<testsuite name="user-journeys/video-streaming.spec.ts" timestamp="2025-09-29T03:39:48.988Z" hostname="Microsoft Edge" tests="7" failures="7" skipped="0" time="0.049" errors="0">
<testcase name="User Journey: Video Streaming @smoke @regression â€º Complete journey: Browse courses â†’ Sign in â†’ Watch video" classname="user-journeys/video-streaming.spec.ts" time="0.004">
<failure message="video-streaming.spec.ts:32:7 Complete journey: Browse courses â†’ Sign in â†’ Watch video" type="FAILURE">
<![CDATA[  [Microsoft Edge] â€º user-journeys/video-streaming.spec.ts:32:7 â€º User Journey: Video Streaming @smoke @regression â€º Complete journey: Browse courses â†’ Sign in â†’ Watch video 

    Error: browserType.launch: Chromium distribution 'msedge' is not found at /Applications/Microsoft Edge.app/Contents/MacOS/Microsoft Edge
    Run "npx playwright install msedge"
]]>
</failure>
</testcase>
<testcase name="User Journey: Video Streaming @smoke @regression â€º Video player quality selection and controls" classname="user-journeys/video-streaming.spec.ts" time="0.005">
<failure message="video-streaming.spec.ts:220:7 Video player quality selection and controls" type="FAILURE">
<![CDATA[  [Microsoft Edge] â€º user-journeys/video-streaming.spec.ts:220:7 â€º User Journey: Video Streaming @smoke @regression â€º Video player quality selection and controls 

    Error: browserType.launch: Chromium distribution 'msedge' is not found at /Applications/Microsoft Edge.app/Contents/MacOS/Microsoft Edge
    Run "npx playwright install msedge"
]]>
</failure>
</testcase>
<testcase name="User Journey: Video Streaming @smoke @regression â€º Video progress tracking and analytics" classname="user-journeys/video-streaming.spec.ts" time="0.004">
<failure message="video-streaming.spec.ts:259:7 Video progress tracking and analytics" type="FAILURE">
<![CDATA[  [Microsoft Edge] â€º user-journeys/video-streaming.spec.ts:259:7 â€º User Journey: Video Streaming @smoke @regression â€º Video progress tracking and analytics 

    Error: browserType.launch: Chromium distribution 'msedge' is not found at /Applications/Microsoft Edge.app/Contents/MacOS/Microsoft Edge
    Run "npx playwright install msedge"
]]>
</failure>
</testcase>
<testcase name="User Journey: Video Streaming @smoke @regression â€º Error handling: Unauthenticated video access" classname="user-journeys/video-streaming.spec.ts" time="0.011">
<failure message="video-streaming.spec.ts:300:7 Error handling: Unauthenticated video access" type="FAILURE">
<![CDATA[  [Microsoft Edge] â€º user-journeys/video-streaming.spec.ts:300:7 â€º User Journey: Video Streaming @smoke @regression â€º Error handling: Unauthenticated video access 

    Error: browserType.launch: Chromium distribution 'msedge' is not found at /Applications/Microsoft Edge.app/Contents/MacOS/Microsoft Edge
    Run "npx playwright install msedge"
]]>
</failure>
</testcase>
<testcase name="User Journey: Video Streaming @smoke @regression â€º Mobile video streaming experience" classname="user-journeys/video-streaming.spec.ts" time="0.009">
<failure message="video-streaming.spec.ts:319:7 Mobile video streaming experience" type="FAILURE">
<![CDATA[  [Microsoft Edge] â€º user-journeys/video-streaming.spec.ts:319:7 â€º User Journey: Video Streaming @smoke @regression â€º Mobile video streaming experience 

    Error: browserType.launch: Chromium distribution 'msedge' is not found at /Applications/Microsoft Edge.app/Contents/MacOS/Microsoft Edge
    Run "npx playwright install msedge"
]]>
</failure>
</testcase>
<testcase name="Video Streaming Edge Cases â€º Handle invalid video IDs gracefully" classname="user-journeys/video-streaming.spec.ts" time="0.008">
<failure message="video-streaming.spec.ts:351:7 Handle invalid video IDs gracefully" type="FAILURE">
<![CDATA[  [Microsoft Edge] â€º user-journeys/video-streaming.spec.ts:351:7 â€º Video Streaming Edge Cases â€º Handle invalid video IDs gracefully 

    Error: browserType.launch: Chromium distribution 'msedge' is not found at /Applications/Microsoft Edge.app/Contents/MacOS/Microsoft Edge
    Run "npx playwright install msedge"
]]>
</failure>
</testcase>
<testcase name="Video Streaming Edge Cases â€º Handle network interruptions during streaming" classname="user-journeys/video-streaming.spec.ts" time="0.008">
<failure message="video-streaming.spec.ts:364:7 Handle network interruptions during streaming" type="FAILURE">
<![CDATA[  [Microsoft Edge] â€º user-journeys/video-streaming.spec.ts:364:7 â€º Video Streaming Edge Cases â€º Handle network interruptions during streaming 

    Error: browserType.launch: Chromium distribution 'msedge' is not found at /Applications/Microsoft Edge.app/Contents/MacOS/Microsoft Edge
    Run "npx playwright install msedge"
]]>
</failure>
</testcase>
</testsuite>
<testsuite name="user-journeys/video-streaming.spec.ts" timestamp="2025-09-29T03:39:48.988Z" hostname="Google Chrome" tests="7" failures="1" skipped="1" time="44.558" errors="0">
<testcase name="User Journey: Video Streaming @smoke @regression â€º Complete journey: Browse courses â†’ Sign in â†’ Watch video" classname="user-journeys/video-streaming.spec.ts" time="15.065">
<system-out>
<![CDATA[âœ… Homepage loaded successfully
âœ… Course catalog is accessible
â„¹ï¸ Course accessible without authentication or auth not yet implemented
â„¹ï¸ Authentication not required or not implemented yet
â„¹ï¸ Video player not found, testing API endpoint directly...
âŒ Video streaming API failed: [33m404[39m
ðŸŒ Streaming requests captured: [33m0[39m
Video streaming network activity detected: [33mfalse[39m
Stream API endpoint called: [33mfalse[39m
]]>
</system-out>
</testcase>
<testcase name="User Journey: Video Streaming @smoke @regression â€º Video player quality selection and controls" classname="user-journeys/video-streaming.spec.ts" time="10.328">
<system-out>
<![CDATA[â„¹ï¸ Quality selector not implemented yet
â„¹ï¸ Play button not found or auto-playing
â„¹ï¸ Fullscreen button not implemented yet
]]>
</system-out>
</testcase>
<testcase name="User Journey: Video Streaming @smoke @regression â€º Video progress tracking and analytics" classname="user-journeys/video-streaming.spec.ts" time="5.221">
<system-out>
<![CDATA[â„¹ï¸ Video element not found for analytics testing
]]>
</system-out>
</testcase>
<testcase name="User Journey: Video Streaming @smoke @regression â€º Error handling: Unauthenticated video access" classname="user-journeys/video-streaming.spec.ts" time="4.878">
<failure message="video-streaming.spec.ts:300:7 Error handling: Unauthenticated video access" type="FAILURE">
<![CDATA[  [Google Chrome] â€º user-journeys/video-streaming.spec.ts:300:7 â€º User Journey: Video Streaming @smoke @regression â€º Error handling: Unauthenticated video access â€º Test unauthenticated video access 

    Error: page.evaluate: SecurityError: Failed to read the 'localStorage' property from 'Window': Access is denied for this document.
        at UtilityScript.evaluate (<anonymous>:293:16)
        at UtilityScript.<anonymous> (<anonymous>:1:44)
        at UtilityScript.evaluate (<anonymous>:293:16)
        at UtilityScript.<anonymous> (<anonymous>:1:44)
        at /Users/vinayvidyasagar/Dev/LazyGameDevs/LazyLearners/gamelearn-platform/tests/e2e/user-journeys/video-streaming.spec.ts:304:18
        at /Users/vinayvidyasagar/Dev/LazyGameDevs/LazyLearners/gamelearn-platform/tests/e2e/user-journeys/video-streaming.spec.ts:301:5

    attachment #1: screenshot (image/png) â”€â”€â”€â”€â”€â”€â”€â”€â”€â”€â”€â”€â”€â”€â”€â”€â”€â”€â”€â”€â”€â”€â”€â”€â”€â”€â”€â”€â”€â”€â”€â”€â”€â”€â”€â”€â”€â”€â”€â”€â”€â”€â”€â”€â”€â”€â”€â”€â”€â”€â”€â”€â”€â”€â”€â”€â”€â”€
    ../../test-results/user-journeys-video-stream-56eb7-nauthenticated-video-access-Google-Chrome/test-failed-1.png
    â”€â”€â”€â”€â”€â”€â”€â”€â”€â”€â”€â”€â”€â”€â”€â”€â”€â”€â”€â”€â”€â”€â”€â”€â”€â”€â”€â”€â”€â”€â”€â”€â”€â”€â”€â”€â”€â”€â”€â”€â”€â”€â”€â”€â”€â”€â”€â”€â”€â”€â”€â”€â”€â”€â”€â”€â”€â”€â”€â”€â”€â”€â”€â”€â”€â”€â”€â”€â”€â”€â”€â”€â”€â”€â”€â”€â”€â”€â”€â”€â”€â”€â”€â”€â”€â”€â”€â”€â”€â”€â”€â”€â”€â”€â”€â”€

    attachment #2: video (video/webm) â”€â”€â”€â”€â”€â”€â”€â”€â”€â”€â”€â”€â”€â”€â”€â”€â”€â”€â”€â”€â”€â”€â”€â”€â”€â”€â”€â”€â”€â”€â”€â”€â”€â”€â”€â”€â”€â”€â”€â”€â”€â”€â”€â”€â”€â”€â”€â”€â”€â”€â”€â”€â”€â”€â”€â”€â”€â”€â”€â”€â”€â”€
    ../../test-results/user-journeys-video-stream-56eb7-nauthenticated-video-access-Google-Chrome/video.webm
    â”€â”€â”€â”€â”€â”€â”€â”€â”€â”€â”€â”€â”€â”€â”€â”€â”€â”€â”€â”€â”€â”€â”€â”€â”€â”€â”€â”€â”€â”€â”€â”€â”€â”€â”€â”€â”€â”€â”€â”€â”€â”€â”€â”€â”€â”€â”€â”€â”€â”€â”€â”€â”€â”€â”€â”€â”€â”€â”€â”€â”€â”€â”€â”€â”€â”€â”€â”€â”€â”€â”€â”€â”€â”€â”€â”€â”€â”€â”€â”€â”€â”€â”€â”€â”€â”€â”€â”€â”€â”€â”€â”€â”€â”€â”€â”€
]]>
</failure>
<system-out>
<![CDATA[
[[ATTACHMENT|user-journeys-video-stream-56eb7-nauthenticated-video-access-Google-Chrome/test-failed-1.png]]

[[ATTACHMENT|user-journeys-video-stream-56eb7-nauthenticated-video-access-Google-Chrome/video.webm]]
]]>
</system-out>
</testcase>
<testcase name="User Journey: Video Streaming @smoke @regression â€º Mobile video streaming experience" classname="user-journeys/video-streaming.spec.ts" time="0.711">
<properties>
<property name="skip" value="Mobile-specific test">
</property>
</properties>
<skipped>
</skipped>
</testcase>
<testcase name="Video Streaming Edge Cases â€º Handle invalid video IDs gracefully" classname="user-journeys/video-streaming.spec.ts" time="1.476">
<system-out>
<![CDATA[âœ… Properly handling invalid video IDs: [33m404[39m
]]>
</system-out>
</testcase>
<testcase name="Video Streaming Edge Cases â€º Handle network interruptions during streaming" classname="user-journeys/video-streaming.spec.ts" time="6.879">
</testcase>
</testsuite>
</testsuites>